<?xml version="1.0" encoding="UTF-8"?>
<testsuite name="com.happydev.microservicioclientepersona.service.ClienteServiceTest" tests="1" skipped="0" failures="0" errors="0" timestamp="2023-12-22T05:12:32" hostname="happy-GP75-Leopard-10SEK" time="0.358">
  <properties/>
  <testcase name="testBuscarClientePorId()" classname="com.happydev.microservicioclientepersona.service.ClienteServiceTest" time="0.358"/>
  <system-out><![CDATA[]]></system-out>
  <system-err><![CDATA[]]></system-err>
</testsuite>
