<?xml version="1.0" encoding="UTF-8"?>
<testsuite name="com.happydev.accountmovementmanagementservice.AccountMovementManagementServiceApplicationTests" tests="1" skipped="0" failures="0" errors="0" timestamp="2023-12-22T05:28:47" hostname="happy-GP75-Leopard-10SEK" time="0.35">
  <properties/>
  <testcase name="contextLoads()" classname="com.happydev.accountmovementmanagementservice.AccountMovementManagementServiceApplicationTests" time="0.35"/>
  <system-out><![CDATA[01:28:44.204 [Test worker] INFO org.springframework.test.context.support.AnnotationConfigContextLoaderUtils -- Could not detect default configuration classes for test class [com.happydev.accountmovementmanagementservice.AccountMovementManagementServiceApplicationTests]: AccountMovementManagementServiceApplicationTests does not declare any static, non-private, non-final, nested classes annotated with @Configuration.
01:28:44.269 [Test worker] INFO org.springframework.boot.test.context.SpringBootTestContextBootstrapper -- Found @SpringBootConfiguration com.happydev.accountmovementmanagementservice.AccountMovementManagementServiceApplication for test class com.happydev.accountmovementmanagementservice.AccountMovementManagementServiceApplicationTests

  .   ____          _            __ _ _
 /\\ / ___'_ __ _ _(_)_ __  __ _ \ \ \ \
( ( )\___ | '_ | '_| | '_ \/ _` | \ \ \ \
 \\/  ___)| |_)| | | | | || (_| |  ) ) ) )
  '  |____| .__|_| |_|_| |_\__, | / / / /
 =========|_|==============|___/=/_/_/_/
 :: Spring Boot ::                (v3.2.0)

2023-12-22T01:28:44.539-04:00  INFO 163210 --- [    Test worker] ovementManagementServiceApplicationTests : Starting AccountMovementManagementServiceApplicationTests using Java 17.0.7 with PID 163210 (started by happy in /home/happy/Desktop/idea-workspace/pruebatecnica/AccountMovementManagementService)
2023-12-22T01:28:44.540-04:00  INFO 163210 --- [    Test worker] ovementManagementServiceApplicationTests : No active profile set, falling back to 1 default profile: "default"
2023-12-22T01:28:44.983-04:00  INFO 163210 --- [    Test worker] .s.d.r.c.RepositoryConfigurationDelegate : Bootstrapping Spring Data JPA repositories in DEFAULT mode.
2023-12-22T01:28:45.075-04:00  INFO 163210 --- [    Test worker] .s.d.r.c.RepositoryConfigurationDelegate : Finished Spring Data repository scanning in 87 ms. Found 2 JPA repository interfaces.
2023-12-22T01:28:45.375-04:00  INFO 163210 --- [    Test worker] o.hibernate.jpa.internal.util.LogHelper  : HHH000204: Processing PersistenceUnitInfo [name: default]
2023-12-22T01:28:45.405-04:00  INFO 163210 --- [    Test worker] org.hibernate.Version                    : HHH000412: Hibernate ORM core version 6.3.1.Final
2023-12-22T01:28:45.426-04:00  INFO 163210 --- [    Test worker] o.h.c.internal.RegionFactoryInitiator    : HHH000026: Second-level cache disabled
2023-12-22T01:28:45.561-04:00  INFO 163210 --- [    Test worker] o.s.o.j.p.SpringPersistenceUnitInfo      : No LoadTimeWeaver setup: ignoring JPA class transformer
2023-12-22T01:28:45.577-04:00  INFO 163210 --- [    Test worker] com.zaxxer.hikari.HikariDataSource       : HikariPool-1 - Starting...
2023-12-22T01:28:45.755-04:00  INFO 163210 --- [    Test worker] com.zaxxer.hikari.pool.HikariPool        : HikariPool-1 - Added connection com.mysql.cj.jdbc.ConnectionImpl@6e090aaa
2023-12-22T01:28:45.757-04:00  INFO 163210 --- [    Test worker] com.zaxxer.hikari.HikariDataSource       : HikariPool-1 - Start completed.
2023-12-22T01:28:46.321-04:00  INFO 163210 --- [    Test worker] o.h.e.t.j.p.i.JtaPlatformInitiator       : HHH000489: No JTA platform available (set 'hibernate.transaction.jta.platform' to enable JTA platform integration)
2023-12-22T01:28:46.358-04:00  INFO 163210 --- [    Test worker] j.LocalContainerEntityManagerFactoryBean : Initialized JPA EntityManagerFactory for persistence unit 'default'
2023-12-22T01:28:46.871-04:00  WARN 163210 --- [    Test worker] JpaBaseConfiguration$JpaWebConfiguration : spring.jpa.open-in-view is enabled by default. Therefore, database queries may be performed during view rendering. Explicitly configure spring.jpa.open-in-view to disable this warning
2023-12-22T01:28:47.102-04:00  INFO 163210 --- [    Test worker] ovementManagementServiceApplicationTests : Started AccountMovementManagementServiceApplicationTests in 2.707 seconds (process running for 3.406)
]]></system-out>
  <system-err><![CDATA[]]></system-err>
</testsuite>
